  basiclearning.c
E:\applicationdata\VScode_workspace\C_C++_workspace\C_C++learning\basic\basic\basiclearning.c(72,9): warning C4477: “printf”: 格式字符串“%d”需要类型“int”的参数，但可变参数 1 拥有了类型“size_t”
E:\applicationdata\VScode_workspace\C_C++_workspace\C_C++learning\basic\basic\basiclearning.c(72,9): message : 请考虑在格式字符串中使用“%zd”
E:\applicationdata\VScode_workspace\C_C++_workspace\C_C++learning\basic\basic\basiclearning.c(73,9): warning C4477: “printf”: 格式字符串“%d”需要类型“int”的参数，但可变参数 1 拥有了类型“size_t”
E:\applicationdata\VScode_workspace\C_C++_workspace\C_C++learning\basic\basic\basiclearning.c(73,9): message : 请考虑在格式字符串中使用“%zd”
E:\applicationdata\VScode_workspace\C_C++_workspace\C_C++learning\basic\basic\basiclearning.c(74,9): warning C4477: “printf”: 格式字符串“%d”需要类型“int”的参数，但可变参数 1 拥有了类型“size_t”
E:\applicationdata\VScode_workspace\C_C++_workspace\C_C++learning\basic\basic\basiclearning.c(74,9): message : 请考虑在格式字符串中使用“%zd”
E:\applicationdata\VScode_workspace\C_C++_workspace\C_C++learning\basic\basic\basiclearning.c(75,9): warning C4477: “printf”: 格式字符串“%d”需要类型“int”的参数，但可变参数 1 拥有了类型“size_t”
E:\applicationdata\VScode_workspace\C_C++_workspace\C_C++learning\basic\basic\basiclearning.c(75,9): message : 请考虑在格式字符串中使用“%zd”
E:\applicationdata\VScode_workspace\C_C++_workspace\C_C++learning\basic\basic\basiclearning.c(76,9): warning C4477: “printf”: 格式字符串“%d”需要类型“int”的参数，但可变参数 1 拥有了类型“size_t”
E:\applicationdata\VScode_workspace\C_C++_workspace\C_C++learning\basic\basic\basiclearning.c(76,9): message : 请考虑在格式字符串中使用“%zd”
E:\applicationdata\VScode_workspace\C_C++_workspace\C_C++learning\basic\basic\basiclearning.c(77,9): warning C4477: “printf”: 格式字符串“%d”需要类型“int”的参数，但可变参数 1 拥有了类型“size_t”
E:\applicationdata\VScode_workspace\C_C++_workspace\C_C++learning\basic\basic\basiclearning.c(77,9): message : 请考虑在格式字符串中使用“%zd”
E:\applicationdata\VScode_workspace\C_C++_workspace\C_C++learning\basic\basic\basiclearning.c(78,9): warning C4477: “printf”: 格式字符串“%d”需要类型“int”的参数，但可变参数 1 拥有了类型“size_t”
E:\applicationdata\VScode_workspace\C_C++_workspace\C_C++learning\basic\basic\basiclearning.c(78,9): message : 请考虑在格式字符串中使用“%zd”
E:\applicationdata\VScode_workspace\C_C++_workspace\C_C++learning\basic\basic\basiclearning.c(106,9): warning C4477: “printf”: 格式字符串“%d”需要类型“int”的参数，但可变参数 1 拥有了类型“size_t”
E:\applicationdata\VScode_workspace\C_C++_workspace\C_C++learning\basic\basic\basiclearning.c(106,9): message : 请考虑在格式字符串中使用“%zd”
E:\applicationdata\VScode_workspace\C_C++_workspace\C_C++learning\basic\basic\basiclearning.c(107,9): warning C4477: “printf”: 格式字符串“%d”需要类型“int”的参数，但可变参数 1 拥有了类型“size_t”
E:\applicationdata\VScode_workspace\C_C++_workspace\C_C++learning\basic\basic\basiclearning.c(107,9): message : 请考虑在格式字符串中使用“%zd”
E:\applicationdata\VScode_workspace\C_C++_workspace\C_C++learning\basic\basic\basiclearning.c(112,9): warning C4477: “printf”: 格式字符串“%d”需要类型“int”的参数，但可变参数 1 拥有了类型“size_t”
E:\applicationdata\VScode_workspace\C_C++_workspace\C_C++learning\basic\basic\basiclearning.c(112,9): message : 请考虑在格式字符串中使用“%zd”
E:\applicationdata\VScode_workspace\C_C++_workspace\C_C++learning\basic\basic\basiclearning.c(174,9): warning C4477: “printf”: 格式字符串“%d”需要类型“int”的参数，但可变参数 1 拥有了类型“size_t”
E:\applicationdata\VScode_workspace\C_C++_workspace\C_C++learning\basic\basic\basiclearning.c(174,9): message : 请考虑在格式字符串中使用“%zd”
E:\applicationdata\VScode_workspace\C_C++_workspace\C_C++learning\basic\basic\basiclearning.c(175,9): warning C4477: “printf”: 格式字符串“%d”需要类型“int”的参数，但可变参数 1 拥有了类型“unsigned __int64”
E:\applicationdata\VScode_workspace\C_C++_workspace\C_C++learning\basic\basic\basiclearning.c(175,9): message : 请考虑在格式字符串中使用“%lld”
E:\applicationdata\VScode_workspace\C_C++_workspace\C_C++learning\basic\basic\basiclearning.c(175,9): message : 请考虑在格式字符串中使用“%Id”
E:\applicationdata\VScode_workspace\C_C++_workspace\C_C++learning\basic\basic\basiclearning.c(175,9): message : 请考虑在格式字符串中使用“%I64d”
E:\applicationdata\VScode_workspace\C_C++_workspace\C_C++learning\basic\basic\basiclearning.c(243,9): warning C4477: “printf”: 格式字符串“%d”需要类型“int”的参数，但可变参数 1 拥有了类型“size_t”
E:\applicationdata\VScode_workspace\C_C++_workspace\C_C++learning\basic\basic\basiclearning.c(243,9): message : 请考虑在格式字符串中使用“%zd”
E:\applicationdata\VScode_workspace\C_C++_workspace\C_C++learning\basic\basic\basiclearning.c(152,7): warning C4101: “cha”: 未引用的局部变量
E:\applicationdata\VScode_workspace\C_C++_workspace\C_C++learning\basic\basic\basiclearning.c(153,8): warning C4101: “arr4”: 未引用的局部变量
  basic.vcxproj -> E:\applicationdata\VScode_workspace\C_C++_workspace\C_C++learning\basic\x64\Debug\basic.exe
